#
# There is insufficient memory for the Java Runtime Environment to continue.
# Native memory allocation (mmap) failed to map 130023424 bytes for G1 virtual space
# Possible reasons:
#   The system is out of physical RAM or swap space
#   The process is running with CompressedOops enabled, and the Java Heap may be blocking the growth of the native heap
# Possible solutions:
#   Reduce memory load on the system
#   Increase physical memory or swap space
#   Check if swap backing store is full
#   Decrease Java heap size (-Xmx/-Xms)
#   Decrease number of Java threads
#   Decrease Java thread stack sizes (-Xss)
#   Set larger code cache with -XX:ReservedCodeCacheSize=
#   JVM is running with Unscaled Compressed Oops mode in which the Java heap is
#     placed in the first 4GB address space. The Java Heap base address is the
#     maximum limit for the native heap growth. Please use -XX:HeapBaseMinAddress
#     to set the Java Heap base and to place the Java Heap above 4GB virtual address.
# This output file may be truncated or incomplete.
#
#  Out of Memory Error (os_windows.cpp:3469), pid=19952, tid=16084
#
# JRE version:  (17.0.1+12) (build )
# Java VM: Java HotSpot(TM) 64-Bit Server VM (17.0.1+12-LTS-39, mixed mode, sharing, tiered, compressed oops, compressed class ptrs, g1 gc, windows-amd64)
# No core dump will be written. Minidumps are not enabled by default on client versions of Windows
#

---------------  S U M M A R Y ------------

Command Line: -Dfile.encoding=UTF-8 --module-path=C:\Users\Admin\Documents\NetBeansProjects\bank management sytem\build\classes bank.management.sytem.SignupOne

Host: Intel(R) Core(TM) i5-1035G1 CPU @ 1.00GHz, 8 cores, 7G,  Windows 10 , 64 bit Build 19041 (10.0.19041.2788)
Time: Sat Jul  1 00:22:09 2023 India Standard Time elapsed time: 0.060151 seconds (0d 0h 0m 0s)

---------------  T H R E A D  ---------------

Current thread (0x0000027d9880a380):  JavaThread "Unknown thread" [_thread_in_vm, id=16084, stack(0x000000a28d200000,0x000000a28d300000)]

Stack: [0x000000a28d200000,0x000000a28d300000]
Native frames: (J=compiled Java code, j=interpreted, Vv=VM code, C=native code)
V  [jvm.dll+0x66fa1a]
V  [jvm.dll+0x7ce5a4]
V  [jvm.dll+0x7cfd4e]
V  [jvm.dll+0x7d03b3]
V  [jvm.dll+0x242b05]
V  [jvm.dll+0x66ca39]
V  [jvm.dll+0x661502]
V  [jvm.dll+0x30081b]
V  [jvm.dll+0x307da6]
V  [jvm.dll+0x357a1e]
V  [jvm.dll+0x357c4f]
V  [jvm.dll+0x2d7ad8]
V  [jvm.dll+0x2d8a44]
V  [jvm.dll+0x7a01e1]
V  [jvm.dll+0x365791]
V  [jvm.dll+0x77f6cc]
V  [jvm.dll+0x3e812f]
V  [jvm.dll+0x3e9bd1]
C  [jli.dll+0x527b]
C  [ucrtbase.dll+0x21bb2]
C  [KERNEL32.DLL+0x17604]
C  [ntdll.dll+0x526a1]


---------------  P R O C E S S  ---------------

Threads class SMR info:
_java_thread_list=0x00007ffb60687818, length=0, elements={
}

Java Threads: ( => current thread )

Other Threads:
  0x0000027d9884ace0 GCTaskThread "GC Thread#0" [stack: 0x000000a28d300000,0x000000a28d400000] [id=21948]
  0x0000027d9885d350 ConcurrentGCThread "G1 Main Marker" [stack: 0x000000a28d400000,0x000000a28d500000] [id=20640]
  0x0000027d9885dc70 ConcurrentGCThread "G1 Conc#0" [stack: 0x000000a28d500000,0x000000a28d600000] [id=18200]

[error occurred during error reporting (printing all threads), id 0xc0000005, EXCEPTION_ACCESS_VIOLATION (0xc0000005) at pc=0x00007ffb5fed84b7]

VM state: not at safepoint (not fully initialized)

VM Mutex/Monitor currently owned by a thread:  ([mutex/lock_event])
[0x0000027d98806920] Heap_lock - owner thread: 0x0000027d9880a380

Heap address: 0x0000000084000000, size: 1984 MB, Compressed Oops mode: 32-bit

CDS archive(s) mapped at: [0x0000000000000000-0x0000000000000000-0x0000000000000000), size 0, SharedBaseAddress: 0x0000000800000000, ArchiveRelocationMode: 0.
Narrow klass base: 0x0000000000000000, Narrow klass shift: 0, Narrow klass range: 0x0

GC Precious Log:
<Empty>

Heap:
 garbage-first heap   total 0K, used 0K [0x0000000084000000, 0x0000000100000000)
  region size 1024K, 0 young (0K), 0 survivors (0K)

[error occurred during error reporting (printing heap information), id 0xc0000005, EXCEPTION_ACCESS_VIOLATION (0xc0000005) at pc=0x00007ffb602b8d89]

GC Heap History (0 events):
No events

Deoptimization events (0 events):
No events

Classes unloaded (0 events):
No events

Classes redefined (0 events):
No events

Internal exceptions (0 events):
No events

VM Operations (0 events):
No events

Events (1 events):
Event: 0.011 Loaded shared library C:\Program Files\Java\jdk-17.0.1\bin\java.dll


Dynamic libraries:
0x00007ff7c5c90000 - 0x00007ff7c5ca0000 	C:\Program Files\Java\jdk-17.0.1\bin\java.exe
0x00007ffb97cb0000 - 0x00007ffb97ea8000 	C:\Windows\SYSTEM32\ntdll.dll
0x00007ffb96060000 - 0x00007ffb9611f000 	C:\Windows\System32\KERNEL32.DLL
0x00007ffb958d0000 - 0x00007ffb95baa000 	C:\Windows\System32\KERNELBASE.dll
0x00007ffb953f0000 - 0x00007ffb954f0000 	C:\Windows\System32\ucrtbase.dll
0x00007ffb80760000 - 0x00007ffb80778000 	C:\Program Files\Java\jdk-17.0.1\bin\jli.dll
0x00007ffb90940000 - 0x00007ffb9095a000 	C:\Program Files\Java\jdk-17.0.1\bin\VCRUNTIME140.dll
0x00007ffb961f0000 - 0x00007ffb9629e000 	C:\Windows\System32\ADVAPI32.dll
0x00007ffb95f60000 - 0x00007ffb95ffe000 	C:\Windows\System32\msvcrt.dll
0x00007ffb96150000 - 0x00007ffb961ec000 	C:\Windows\System32\sechost.dll
0x00007ffb971a0000 - 0x00007ffb972c6000 	C:\Windows\System32\RPCRT4.dll
0x00007ffb96300000 - 0x00007ffb9649d000 	C:\Windows\System32\USER32.dll
0x00007ffb95590000 - 0x00007ffb955b2000 	C:\Windows\System32\win32u.dll
0x00007ffb800e0000 - 0x00007ffb8037a000 	C:\Windows\WinSxS\amd64_microsoft.windows.common-controls_6595b64144ccf1df_6.0.19041.1110_none_60b5254171f9507e\COMCTL32.dll
0x00007ffb96120000 - 0x00007ffb9614b000 	C:\Windows\System32\GDI32.dll
0x00007ffb95770000 - 0x00007ffb95880000 	C:\Windows\System32\gdi32full.dll
0x00007ffb954f0000 - 0x00007ffb9558d000 	C:\Windows\System32\msvcp_win.dll
0x00007ffb8e300000 - 0x00007ffb8e30a000 	C:\Windows\SYSTEM32\VERSION.dll
0x00007ffb97b10000 - 0x00007ffb97b40000 	C:\Windows\System32\IMM32.DLL
0x00007ffb8f940000 - 0x00007ffb8f94c000 	C:\Program Files\Java\jdk-17.0.1\bin\vcruntime140_1.dll
0x00007ffb804d0000 - 0x00007ffb8055d000 	C:\Program Files\Java\jdk-17.0.1\bin\msvcp140.dll
0x00007ffb5fbf0000 - 0x00007ffb607ae000 	C:\Program Files\Java\jdk-17.0.1\bin\server\jvm.dll
0x00007ffb970d0000 - 0x00007ffb970d8000 	C:\Windows\System32\PSAPI.DLL
0x00007ffb760d0000 - 0x00007ffb760f7000 	C:\Windows\SYSTEM32\WINMM.dll
0x00007ffb92620000 - 0x00007ffb92629000 	C:\Windows\SYSTEM32\WSOCK32.dll
0x00007ffb96bf0000 - 0x00007ffb96c5b000 	C:\Windows\System32\WS2_32.dll
0x00007ffb93c10000 - 0x00007ffb93c22000 	C:\Windows\SYSTEM32\kernel.appcore.dll
0x00007ffb8b160000 - 0x00007ffb8b16a000 	C:\Program Files\Java\jdk-17.0.1\bin\jimage.dll
0x00007ffb93000000 - 0x00007ffb931e4000 	C:\Windows\SYSTEM32\DBGHELP.DLL
0x00007ffb82370000 - 0x00007ffb823a4000 	C:\Windows\SYSTEM32\dbgcore.DLL
0x00007ffb955c0000 - 0x00007ffb95642000 	C:\Windows\System32\bcryptPrimitives.dll
0x00007ffb8af50000 - 0x00007ffb8af75000 	C:\Program Files\Java\jdk-17.0.1\bin\java.dll

dbghelp: loaded successfully - version: 4.0.5 - missing functions: none
symbol engine: initialized successfully - sym options: 0x614 - pdb path: .;C:\Program Files\Java\jdk-17.0.1\bin;C:\Windows\SYSTEM32;C:\Windows\WinSxS\amd64_microsoft.windows.common-controls_6595b64144ccf1df_6.0.19041.1110_none_60b5254171f9507e;C:\Program Files\Java\jdk-17.0.1\bin\server

VM Arguments:
jvm_args: -Dfile.encoding=UTF-8 --module-path=C:\Users\Admin\Documents\NetBeansProjects\bank management sytem\build\classes 
java_command: bank.management.sytem.SignupOne
java_class_path (initial): C:\Users\Admin\Downloads\jcalendar-tz-1.3.3-4.jar;C:\Users\Admin\Documents\NetBeansProjects\bank management sytem\build\classes
Launcher Type: SUN_STANDARD

[Global flags]
     intx CICompilerCount                          = 4                                         {product} {ergonomic}
     uint ConcGCThreads                            = 2                                         {product} {ergonomic}
     uint G1ConcRefinementThreads                  = 8                                         {product} {ergonomic}
   size_t G1HeapRegionSize                         = 1048576                                   {product} {ergonomic}
    uintx GCDrainStackTargetSize                   = 64                                        {product} {ergonomic}
   size_t InitialHeapSize                          = 130023424                                 {product} {ergonomic}
   size_t MarkStackSize                            = 4194304                                   {product} {ergonomic}
   size_t MaxHeapSize                              = 2080374784                                {product} {ergonomic}
   size_t MinHeapDeltaBytes                        = 1048576                                   {product} {ergonomic}
   size_t MinHeapSize                              = 8388608                                   {product} {ergonomic}
    uintx NonNMethodCodeHeapSize                   = 5839372                                {pd product} {ergonomic}
    uintx NonProfiledCodeHeapSize                  = 122909434                              {pd product} {ergonomic}
    uintx ProfiledCodeHeapSize                     = 122909434                              {pd product} {ergonomic}
    uintx ReservedCodeCacheSize                    = 251658240                              {pd product} {ergonomic}
     bool SegmentedCodeCache                       = true                                      {product} {ergonomic}
   size_t SoftMaxHeapSize                          = 2080374784                             {manageable} {ergonomic}
     bool UseCompressedClassPointers               = true                           {product lp64_product} {ergonomic}
     bool UseCompressedOops                        = true                           {product lp64_product} {ergonomic}
     bool UseG1GC                                  = true                                      {product} {ergonomic}
     bool UseLargePagesIndividualAllocation        = false                                  {pd product} {ergonomic}

Logging:
Log output configuration:
 #0: stdout all=warning uptime,level,tags
 #1: stderr all=off uptime,level,tags

Environment Variables:
PATH=C:\Program Files\Common Files\Oracle\Java\javapath;C:\Users\Admin\AppData\Local\Programs\Python\Python310\python.exe;C:\Program Files\Cloudflare\Cloudflare WARP\;C:\Program Files\PuTTY\;C:\Program Files\MySQL\MySQL Shell 8.0\bin\;C:\Users\Admin\AppData\Local\Programs\Python\Python311\Scripts\;C:\Users\Admin\AppData\Local\Programs\Python\Python311\;C:\Users\Admin\AppData\Local\Programs\Python\Python310\python.exe;C:\Users\Admin\AppData\Local\Programs\Microsoft VS Code\bin
USERNAME=Admin
OS=Windows_NT
PROCESSOR_IDENTIFIER=Intel64 Family 6 Model 126 Stepping 5, GenuineIntel



---------------  S Y S T E M  ---------------

OS:
 Windows 10 , 64 bit Build 19041 (10.0.19041.2788)
OS uptime: 0 days 7:23 hours

CPU: total 8 (initial active 8) (4 cores per cpu, 2 threads per core) family 6 model 126 stepping 5 microcode 0xa6, cx8, cmov, fxsr, ht, mmx, 3dnowpref, sse, sse2, sse3, ssse3, sse4.1, sse4.2, popcnt, lzcnt, tsc, tscinvbit, avx, avx2, aes, erms, clmul, bmi1, bmi2, adx, avx512f, avx512dq, avx512cd, avx512bw, avx512vl, sha, fma, vzeroupper, avx512_vpopcntdq, avx512_vpclmulqdq, avx512_vaes, avx512_vnni, clflush, clflushopt, avx512_vbmi2, avx512_vbmi

Memory: 4k page, system-wide physical 7932M (670M free)
TotalPageFile size 25283M (AvailPageFile size 38M)
current process WorkingSet (physical memory assigned to process): 10M, peak: 10M
current process commit charge ("private bytes"): 60M, peak: 183M

vm_info: Java HotSpot(TM) 64-Bit Server VM (17.0.1+12-LTS-39) for windows-amd64 JRE (17.0.1+12-LTS-39), built on Sep 27 2021 18:41:35 by "mach5one" with MS VC++ 16.8 (VS2019)

END.
