#
# There is insufficient memory for the Java Runtime Environment to continue.
# Native memory allocation (malloc) failed to allocate 258816 bytes for Chunk::new
# Possible reasons:
#   The system is out of physical RAM or swap space
#   The process is running with CompressedOops enabled, and the Java Heap may be blocking the growth of the native heap
# Possible solutions:
#   Reduce memory load on the system
#   Increase physical memory or swap space
#   Check if swap backing store is full
#   Decrease Java heap size (-Xmx/-Xms)
#   Decrease number of Java threads
#   Decrease Java thread stack sizes (-Xss)
#   Set larger code cache with -XX:ReservedCodeCacheSize=
#   JVM is running with Unscaled Compressed Oops mode in which the Java heap is
#     placed in the first 4GB address space. The Java Heap base address is the
#     maximum limit for the native heap growth. Please use -XX:HeapBaseMinAddress
#     to set the Java Heap base and to place the Java Heap above 4GB virtual address.
# This output file may be truncated or incomplete.
#
#  Out of Memory Error (arena.cpp:189), pid=22096, tid=17984
#
# JRE version: Java(TM) SE Runtime Environment (17.0.1+12) (build 17.0.1+12-LTS-39)
# Java VM: Java HotSpot(TM) 64-Bit Server VM (17.0.1+12-LTS-39, mixed mode, sharing, tiered, compressed oops, compressed class ptrs, g1 gc, windows-amd64)
# No core dump will be written. Minidumps are not enabled by default on client versions of Windows
#

---------------  S U M M A R Y ------------

Command Line: -Dfile.encoding=UTF-8 ASimulatorSystem.Transactions

Host: Intel(R) Core(TM) i5-1035G1 CPU @ 1.00GHz, 8 cores, 7G,  Windows 10 , 64 bit Build 19041 (10.0.19041.3031)
Time: Fri Jul 28 17:30:32 2023 India Standard Time elapsed time: 1.059260 seconds (0d 0h 0m 1s)

---------------  T H R E A D  ---------------

Current thread (0x000001f3f7321690):  JavaThread "C2 CompilerThread0" daemon [_thread_in_native, id=17984, stack(0x000000793f100000,0x000000793f200000)]


Current CompileTask:
C2:   1059 1099   !   4       sun.font.TrueTypeFont::getTableBuffer (199 bytes)

Stack: [0x000000793f100000,0x000000793f200000]
Native frames: (J=compiled Java code, j=interpreted, Vv=VM code, C=native code)
V  [jvm.dll+0x66fa1a]
V  [jvm.dll+0x7ce5a4]
V  [jvm.dll+0x7cfd4e]
V  [jvm.dll+0x7d03b3]
V  [jvm.dll+0x242b05]
V  [jvm.dll+0xaa05b]
V  [jvm.dll+0xaa5ec]
V  [jvm.dll+0x2a953f]
V  [jvm.dll+0x5785a9]
V  [jvm.dll+0x21dd7d]
V  [jvm.dll+0x2176d9]
V  [jvm.dll+0x214f05]
V  [jvm.dll+0x1a168d]
V  [jvm.dll+0x224848]
V  [jvm.dll+0x2229ac]
V  [jvm.dll+0x78435b]
V  [jvm.dll+0x77e91a]
V  [jvm.dll+0x66e845]
C  [ucrtbase.dll+0x21bb2]
C  [KERNEL32.DLL+0x17614]
C  [ntdll.dll+0x526f1]


---------------  P R O C E S S  ---------------

Threads class SMR info:
_java_thread_list=0x000001f3f80fecf0, length=18, elements={
0x000001f3f730aea0, 0x000001f3f730b760, 0x000001f3f731bb90, 0x000001f3f731e860,
0x000001f3f731f120, 0x000001f3f731f9e0, 0x000001f3f7321690, 0x000001f3f7322040,
0x000001f3f732de50, 0x000001f3f7da4320, 0x000001f3f7dacc20, 0x000001f3f7fabd40,
0x000001f3f7fac210, 0x000001f3f7ffa3c0, 0x000001f3f8081ef0, 0x000001f3f809e000,
0x000001f3d944cbf0, 0x000001f3f8c969a0
}

Java Threads: ( => current thread )
  0x000001f3f730aea0 JavaThread "Reference Handler" daemon [_thread_blocked, id=19212, stack(0x000000793eb00000,0x000000793ec00000)]
  0x000001f3f730b760 JavaThread "Finalizer" daemon [_thread_blocked, id=21628, stack(0x000000793ec00000,0x000000793ed00000)]
  0x000001f3f731bb90 JavaThread "Signal Dispatcher" daemon [_thread_blocked, id=19324, stack(0x000000793ed00000,0x000000793ee00000)]
  0x000001f3f731e860 JavaThread "Attach Listener" daemon [_thread_blocked, id=19348, stack(0x000000793ee00000,0x000000793ef00000)]
  0x000001f3f731f120 JavaThread "Service Thread" daemon [_thread_blocked, id=22048, stack(0x000000793ef00000,0x000000793f000000)]
  0x000001f3f731f9e0 JavaThread "Monitor Deflation Thread" daemon [_thread_blocked, id=21692, stack(0x000000793f000000,0x000000793f100000)]
=>0x000001f3f7321690 JavaThread "C2 CompilerThread0" daemon [_thread_in_native, id=17984, stack(0x000000793f100000,0x000000793f200000)]
  0x000001f3f7322040 JavaThread "C1 CompilerThread0" daemon [_thread_blocked, id=21260, stack(0x000000793f200000,0x000000793f300000)]
  0x000001f3f732de50 JavaThread "Sweeper thread" daemon [_thread_blocked, id=13596, stack(0x000000793f300000,0x000000793f400000)]
  0x000001f3f7da4320 JavaThread "Notification Thread" daemon [_thread_blocked, id=21532, stack(0x000000793f400000,0x000000793f500000)]
  0x000001f3f7dacc20 JavaThread "Common-Cleaner" daemon [_thread_blocked, id=21708, stack(0x000000793f600000,0x000000793f700000)]
  0x000001f3f7fabd40 JavaThread "Java2D Disposer" daemon [_thread_blocked, id=15448, stack(0x000000793f700000,0x000000793f800000)]
  0x000001f3f7fac210 JavaThread "AWT-Shutdown" [_thread_blocked, id=19428, stack(0x000000793f800000,0x000000793f900000)]
  0x000001f3f7ffa3c0 JavaThread "AWT-Windows" daemon [_thread_in_native, id=20868, stack(0x000000793f900000,0x000000793fa00000)]
  0x000001f3f8081ef0 JavaThread "Image Fetcher 0" daemon [_thread_blocked, id=21576, stack(0x000000793fa00000,0x000000793fb00000)]
  0x000001f3f809e000 JavaThread "AWT-EventQueue-0" [_thread_in_vm, id=21724, stack(0x000000793fb00000,0x000000793fc00000)]
  0x000001f3d944cbf0 JavaThread "DestroyJavaVM" [_thread_blocked, id=22292, stack(0x000000793e400000,0x000000793e500000)]
  0x000001f3f8c969a0 JavaThread "C2 CompilerThread1" daemon [_thread_in_native, id=20084, stack(0x0000007940300000,0x0000007940400000)]

Other Threads:
  0x000001f3f73035e0 VMThread "VM Thread" [stack: 0x000000793ea00000,0x000000793eb00000] [id=20824]
  0x000001f3d94b8b50 WatcherThread [stack: 0x000000793f500000,0x000000793f600000] [id=16900]
  0x000001f3d948c490 GCTaskThread "GC Thread#0" [stack: 0x000000793e500000,0x000000793e600000] [id=22352]
  0x000001f3f8bf11a0 GCTaskThread "GC Thread#1" [stack: 0x000000793fc00000,0x000000793fd00000] [id=15084]
  0x000001f3f80fdfd0 GCTaskThread "GC Thread#2" [stack: 0x000000793fd00000,0x000000793fe00000] [id=13376]
  0x000001f3f80fe690 GCTaskThread "GC Thread#3" [stack: 0x000000793fe00000,0x000000793ff00000] [id=20420]
  0x000001f3f8c95ee0 GCTaskThread "GC Thread#4" [stack: 0x000000793ff00000,0x0000007940000000] [id=19756]
  0x000001f3f8e29870 GCTaskThread "GC Thread#5" [stack: 0x0000007940000000,0x0000007940100000] [id=22432]
  0x000001f3f8cd4ca0 GCTaskThread "GC Thread#6" [stack: 0x0000007940100000,0x0000007940200000] [id=20612]
  0x000001f3f8e835d0 GCTaskThread "GC Thread#7" [stack: 0x0000007940200000,0x0000007940300000] [id=20780]
  0x000001f3d949daf0 ConcurrentGCThread "G1 Main Marker" [stack: 0x000000793e600000,0x000000793e700000] [id=22472]
  0x000001f3d949ebb0 ConcurrentGCThread "G1 Conc#0" [stack: 0x000000793e700000,0x000000793e800000] [id=20852]
  0x000001f3d951de80 ConcurrentGCThread "G1 Refine#0" [stack: 0x000000793e800000,0x000000793e900000] [id=22488]
  0x000001f3d951e7b0 ConcurrentGCThread "G1 Service" [stack: 0x000000793e900000,0x000000793ea00000] [id=21240]

Threads with active compile tasks:
C2 CompilerThread0     1092 1099   !   4       sun.font.TrueTypeFont::getTableBuffer (199 bytes)
C2 CompilerThread1     1092 1105   !   4       sun.nio.cs.UnicodeDecoder::decodeLoop (304 bytes)

VM state: not at safepoint (normal execution)

VM Mutex/Monitor currently owned by a thread: None

Heap address: 0x0000000084000000, size: 1984 MB, Compressed Oops mode: 32-bit

CDS archive(s) mapped at: [0x0000000800000000-0x0000000800bc0000-0x0000000800bc0000), size 12320768, SharedBaseAddress: 0x0000000800000000, ArchiveRelocationMode: 0.
Compressed class space mapped at: 0x0000000800c00000-0x0000000840c00000, reserved size: 1073741824
Narrow klass base: 0x0000000800000000, Narrow klass shift: 0, Narrow klass range: 0x100000000

GC Precious Log:
 CPUs: 8 total, 8 available
 Memory: 7932M
 Large Page Support: Disabled
 NUMA Support: Disabled
 Compressed Oops: Enabled (32-bit)
 Heap Region Size: 1M
 Heap Min Capacity: 8M
 Heap Initial Capacity: 124M
 Heap Max Capacity: 1984M
 Pre-touch: Disabled
 Parallel Workers: 8
 Concurrent Workers: 2
 Concurrent Refinement Workers: 8
 Periodic GC: Disabled

Heap:
 garbage-first heap   total 126976K, used 20388K [0x0000000084000000, 0x0000000100000000)
  region size 1024K, 5 young (5120K), 3 survivors (3072K)
 Metaspace       used 7068K, committed 7296K, reserved 1056768K
  class space    used 751K, committed 896K, reserved 1048576K

Heap Regions: E=young(eden), S=young(survivor), O=old, HS=humongous(starts), HC=humongous(continues), CS=collection set, F=free, OA=open archive, CA=closed archive, TAMS=top-at-mark-start (previous, next)
|   0|0x0000000084000000, 0x0000000084100000, 0x0000000084100000|100%|HS|  |TAMS 0x0000000084000000, 0x0000000084000000| Complete 
|   1|0x0000000084100000, 0x0000000084200000, 0x0000000084200000|100%|HC|  |TAMS 0x0000000084100000, 0x0000000084100000| Complete 
|   2|0x0000000084200000, 0x0000000084300000, 0x0000000084300000|100%|HC|  |TAMS 0x0000000084200000, 0x0000000084200000| Complete 
|   3|0x0000000084300000, 0x0000000084400000, 0x0000000084400000|100%|HC|  |TAMS 0x0000000084300000, 0x0000000084300000| Complete 
|   4|0x0000000084400000, 0x0000000084500000, 0x0000000084500000|100%|HS|  |TAMS 0x0000000084400000, 0x0000000084400000| Complete 
|   5|0x0000000084500000, 0x0000000084600000, 0x0000000084600000|100%|HC|  |TAMS 0x0000000084500000, 0x0000000084500000| Complete 
|   6|0x0000000084600000, 0x0000000084700000, 0x0000000084700000|100%|HC|  |TAMS 0x0000000084600000, 0x0000000084600000| Complete 
|   7|0x0000000084700000, 0x0000000084800000, 0x0000000084800000|100%|HC|  |TAMS 0x0000000084700000, 0x0000000084700000| Complete 
|   8|0x0000000084800000, 0x0000000084900000, 0x0000000084900000|100%|HS|  |TAMS 0x0000000084800000, 0x0000000084800000| Complete 
|   9|0x0000000084900000, 0x0000000084a00000, 0x0000000084a00000|100%|HC|  |TAMS 0x0000000084900000, 0x0000000084900000| Complete 
|  10|0x0000000084a00000, 0x0000000084b00000, 0x0000000084b00000|100%|HC|  |TAMS 0x0000000084a00000, 0x0000000084a00000| Complete 
|  11|0x0000000084b00000, 0x0000000084c00000, 0x0000000084c00000|100%|HC|  |TAMS 0x0000000084b00000, 0x0000000084b00000| Complete 
|  12|0x0000000084c00000, 0x0000000084d00000, 0x0000000084d00000|100%|HC|  |TAMS 0x0000000084c00000, 0x0000000084c00000| Complete 
|  13|0x0000000084d00000, 0x0000000084e00000, 0x0000000084e00000|100%|HC|  |TAMS 0x0000000084d00000, 0x0000000084d00000| Complete 
|  14|0x0000000084e00000, 0x0000000084f00000, 0x0000000084f00000|100%|HC|  |TAMS 0x0000000084e00000, 0x0000000084e00000| Complete 
|  15|0x0000000084f00000, 0x0000000084fe9200, 0x0000000085000000| 91%| O|  |TAMS 0x0000000084f00000, 0x0000000084f00000| Untracked 
|  16|0x0000000085000000, 0x0000000085000000, 0x0000000085100000|  0%| F|  |TAMS 0x0000000085000000, 0x0000000085000000| Untracked 
|  17|0x0000000085100000, 0x0000000085100000, 0x0000000085200000|  0%| F|  |TAMS 0x0000000085100000, 0x0000000085100000| Untracked 
|  18|0x0000000085200000, 0x0000000085200000, 0x0000000085300000|  0%| F|  |TAMS 0x0000000085200000, 0x0000000085200000| Untracked 
|  19|0x0000000085300000, 0x0000000085300000, 0x0000000085400000|  0%| F|  |TAMS 0x0000000085300000, 0x0000000085300000| Untracked 
|  20|0x0000000085400000, 0x0000000085400000, 0x0000000085500000|  0%| F|  |TAMS 0x0000000085400000, 0x0000000085400000| Untracked 
|  21|0x0000000085500000, 0x0000000085500000, 0x0000000085600000|  0%| F|  |TAMS 0x0000000085500000, 0x0000000085500000| Untracked 
|  22|0x0000000085600000, 0x0000000085600000, 0x0000000085700000|  0%| F|  |TAMS 0x0000000085600000, 0x0000000085600000| Untracked 
|  23|0x0000000085700000, 0x0000000085700000, 0x0000000085800000|  0%| F|  |TAMS 0x0000000085700000, 0x0000000085700000| Untracked 
|  24|0x0000000085800000, 0x0000000085800000, 0x0000000085900000|  0%| F|  |TAMS 0x0000000085800000, 0x0000000085800000| Untracked 
|  25|0x0000000085900000, 0x0000000085900000, 0x0000000085a00000|  0%| F|  |TAMS 0x0000000085900000, 0x0000000085900000| Untracked 
|  26|0x0000000085a00000, 0x0000000085a00000, 0x0000000085b00000|  0%| F|  |TAMS 0x0000000085a00000, 0x0000000085a00000| Untracked 
|  27|0x0000000085b00000, 0x0000000085b00000, 0x0000000085c00000|  0%| F|  |TAMS 0x0000000085b00000, 0x0000000085b00000| Untracked 
|  28|0x0000000085c00000, 0x0000000085c00000, 0x0000000085d00000|  0%| F|  |TAMS 0x0000000085c00000, 0x0000000085c00000| Untracked 
|  29|0x0000000085d00000, 0x0000000085d00000, 0x0000000085e00000|  0%| F|  |TAMS 0x0000000085d00000, 0x0000000085d00000| Untracked 
|  30|0x0000000085e00000, 0x0000000085e00000, 0x0000000085f00000|  0%| F|  |TAMS 0x0000000085e00000, 0x0000000085e00000| Untracked 
|  31|0x0000000085f00000, 0x0000000085f00000, 0x0000000086000000|  0%| F|  |TAMS 0x0000000085f00000, 0x0000000085f00000| Untracked 
|  32|0x0000000086000000, 0x0000000086000000, 0x0000000086100000|  0%| F|  |TAMS 0x0000000086000000, 0x0000000086000000| Untracked 
|  33|0x0000000086100000, 0x0000000086100000, 0x0000000086200000|  0%| F|  |TAMS 0x0000000086100000, 0x0000000086100000| Untracked 
|  34|0x0000000086200000, 0x0000000086200000, 0x0000000086300000|  0%| F|  |TAMS 0x0000000086200000, 0x0000000086200000| Untracked 
|  35|0x0000000086300000, 0x0000000086300000, 0x0000000086400000|  0%| F|  |TAMS 0x0000000086300000, 0x0000000086300000| Untracked 
|  36|0x0000000086400000, 0x0000000086400000, 0x0000000086500000|  0%| F|  |TAMS 0x0000000086400000, 0x0000000086400000| Untracked 
|  37|0x0000000086500000, 0x0000000086500000, 0x0000000086600000|  0%| F|  |TAMS 0x0000000086500000, 0x0000000086500000| Untracked 
|  38|0x0000000086600000, 0x0000000086600000, 0x0000000086700000|  0%| F|  |TAMS 0x0000000086600000, 0x0000000086600000| Untracked 
|  39|0x0000000086700000, 0x0000000086700000, 0x0000000086800000|  0%| F|  |TAMS 0x0000000086700000, 0x0000000086700000| Untracked 
|  40|0x0000000086800000, 0x0000000086800000, 0x0000000086900000|  0%| F|  |TAMS 0x0000000086800000, 0x0000000086800000| Untracked 
|  41|0x0000000086900000, 0x0000000086900000, 0x0000000086a00000|  0%| F|  |TAMS 0x0000000086900000, 0x0000000086900000| Untracked 
|  42|0x0000000086a00000, 0x0000000086a00000, 0x0000000086b00000|  0%| F|  |TAMS 0x0000000086a00000, 0x0000000086a00000| Untracked 
|  43|0x0000000086b00000, 0x0000000086b00000, 0x0000000086c00000|  0%| F|  |TAMS 0x0000000086b00000, 0x0000000086b00000| Untracked 
|  44|0x0000000086c00000, 0x0000000086c00000, 0x0000000086d00000|  0%| F|  |TAMS 0x0000000086c00000, 0x0000000086c00000| Untracked 
|  45|0x0000000086d00000, 0x0000000086d00000, 0x0000000086e00000|  0%| F|  |TAMS 0x0000000086d00000, 0x0000000086d00000| Untracked 
|  46|0x0000000086e00000, 0x0000000086e00000, 0x0000000086f00000|  0%| F|  |TAMS 0x0000000086e00000, 0x0000000086e00000| Untracked 
|  47|0x0000000086f00000, 0x0000000086f00000, 0x0000000087000000|  0%| F|  |TAMS 0x0000000086f00000, 0x0000000086f00000| Untracked 
|  48|0x0000000087000000, 0x0000000087000000, 0x0000000087100000|  0%| F|  |TAMS 0x0000000087000000, 0x0000000087000000| Untracked 
|  49|0x0000000087100000, 0x0000000087100000, 0x0000000087200000|  0%| F|  |TAMS 0x0000000087100000, 0x0000000087100000| Untracked 
|  50|0x0000000087200000, 0x0000000087200000, 0x0000000087300000|  0%| F|  |TAMS 0x0000000087200000, 0x0000000087200000| Untracked 
|  51|0x0000000087300000, 0x0000000087300000, 0x0000000087400000|  0%| F|  |TAMS 0x0000000087300000, 0x0000000087300000| Untracked 
|  52|0x0000000087400000, 0x0000000087400000, 0x0000000087500000|  0%| F|  |TAMS 0x0000000087400000, 0x0000000087400000| Untracked 
|  53|0x0000000087500000, 0x0000000087500000, 0x0000000087600000|  0%| F|  |TAMS 0x0000000087500000, 0x0000000087500000| Untracked 
|  54|0x0000000087600000, 0x0000000087600000, 0x0000000087700000|  0%| F|  |TAMS 0x0000000087600000, 0x0000000087600000| Untracked 
|  55|0x0000000087700000, 0x0000000087700000, 0x0000000087800000|  0%| F|  |TAMS 0x0000000087700000, 0x0000000087700000| Untracked 
|  56|0x0000000087800000, 0x0000000087800000, 0x0000000087900000|  0%| F|  |TAMS 0x0000000087800000, 0x0000000087800000| Untracked 
|  57|0x0000000087900000, 0x0000000087900000, 0x0000000087a00000|  0%| F|  |TAMS 0x0000000087900000, 0x0000000087900000| Untracked 
|  58|0x0000000087a00000, 0x0000000087a00000, 0x0000000087b00000|  0%| F|  |TAMS 0x0000000087a00000, 0x0000000087a00000| Untracked 
|  59|0x0000000087b00000, 0x0000000087b00000, 0x0000000087c00000|  0%| F|  |TAMS 0x0000000087b00000, 0x0000000087b00000| Untracked 
|  60|0x0000000087c00000, 0x0000000087c00000, 0x0000000087d00000|  0%| F|  |TAMS 0x0000000087c00000, 0x0000000087c00000| Untracked 
|  61|0x0000000087d00000, 0x0000000087d00000, 0x0000000087e00000|  0%| F|  |TAMS 0x0000000087d00000, 0x0000000087d00000| Untracked 
|  62|0x0000000087e00000, 0x0000000087e00000, 0x0000000087f00000|  0%| F|  |TAMS 0x0000000087e00000, 0x0000000087e00000| Untracked 
|  63|0x0000000087f00000, 0x0000000087f00000, 0x0000000088000000|  0%| F|  |TAMS 0x0000000087f00000, 0x0000000087f00000| Untracked 
|  64|0x0000000088000000, 0x0000000088000000, 0x0000000088100000|  0%| F|  |TAMS 0x0000000088000000, 0x0000000088000000| Untracked 
|  65|0x0000000088100000, 0x0000000088100000, 0x0000000088200000|  0%| F|  |TAMS 0x0000000088100000, 0x0000000088100000| Untracked 
|  66|0x0000000088200000, 0x0000000088200000, 0x0000000088300000|  0%| F|  |TAMS 0x0000000088200000, 0x0000000088200000| Untracked 
|  67|0x0000000088300000, 0x0000000088300000, 0x0000000088400000|  0%| F|  |TAMS 0x0000000088300000, 0x0000000088300000| Untracked 
|  68|0x0000000088400000, 0x0000000088400000, 0x0000000088500000|  0%| F|  |TAMS 0x0000000088400000, 0x0000000088400000| Untracked 
|  69|0x0000000088500000, 0x0000000088500000, 0x0000000088600000|  0%| F|  |TAMS 0x0000000088500000, 0x0000000088500000| Untracked 
|  70|0x0000000088600000, 0x0000000088600000, 0x0000000088700000|  0%| F|  |TAMS 0x0000000088600000, 0x0000000088600000| Untracked 
|  71|0x0000000088700000, 0x0000000088700000, 0x0000000088800000|  0%| F|  |TAMS 0x0000000088700000, 0x0000000088700000| Untracked 
|  72|0x0000000088800000, 0x0000000088800000, 0x0000000088900000|  0%| F|  |TAMS 0x0000000088800000, 0x0000000088800000| Untracked 
|  73|0x0000000088900000, 0x0000000088900000, 0x0000000088a00000|  0%| F|  |TAMS 0x0000000088900000, 0x0000000088900000| Untracked 
|  74|0x0000000088a00000, 0x0000000088a00000, 0x0000000088b00000|  0%| F|  |TAMS 0x0000000088a00000, 0x0000000088a00000| Untracked 
|  75|0x0000000088b00000, 0x0000000088b00000, 0x0000000088c00000|  0%| F|  |TAMS 0x0000000088b00000, 0x0000000088b00000| Untracked 
|  76|0x0000000088c00000, 0x0000000088c00000, 0x0000000088d00000|  0%| F|  |TAMS 0x0000000088c00000, 0x0000000088c00000| Untracked 
|  77|0x0000000088d00000, 0x0000000088d00000, 0x0000000088e00000|  0%| F|  |TAMS 0x0000000088d00000, 0x0000000088d00000| Untracked 
|  78|0x0000000088e00000, 0x0000000088e00000, 0x0000000088f00000|  0%| F|  |TAMS 0x0000000088e00000, 0x0000000088e00000| Untracked 
|  79|0x0000000088f00000, 0x0000000088f00000, 0x0000000089000000|  0%| F|  |TAMS 0x0000000088f00000, 0x0000000088f00000| Untracked 
|  80|0x0000000089000000, 0x0000000089000000, 0x0000000089100000|  0%| F|  |TAMS 0x0000000089000000, 0x0000000089000000| Untracked 
|  81|0x0000000089100000, 0x0000000089100000, 0x0000000089200000|  0%| F|  |TAMS 0x0000000089100000, 0x0000000089100000| Untracked 
|  82|0x0000000089200000, 0x0000000089200000, 0x0000000089300000|  0%| F|  |TAMS 0x0000000089200000, 0x0000000089200000| Untracked 
|  83|0x0000000089300000, 0x0000000089300000, 0x0000000089400000|  0%| F|  |TAMS 0x0000000089300000, 0x0000000089300000| Untracked 
|  84|0x0000000089400000, 0x0000000089400000, 0x0000000089500000|  0%| F|  |TAMS 0x0000000089400000, 0x0000000089400000| Untracked 
|  85|0x0000000089500000, 0x0000000089500000, 0x0000000089600000|  0%| F|  |TAMS 0x0000000089500000, 0x0000000089500000| Untracked 
|  86|0x0000000089600000, 0x0000000089600000, 0x0000000089700000|  0%| F|  |TAMS 0x0000000089600000, 0x0000000089600000| Untracked 
|  87|0x0000000089700000, 0x0000000089700000, 0x0000000089800000|  0%| F|  |TAMS 0x0000000089700000, 0x0000000089700000| Untracked 
|  88|0x0000000089800000, 0x0000000089800000, 0x0000000089900000|  0%| F|  |TAMS 0x0000000089800000, 0x0000000089800000| Untracked 
|  89|0x0000000089900000, 0x0000000089900000, 0x0000000089a00000|  0%| F|  |TAMS 0x0000000089900000, 0x0000000089900000| Untracked 
|  90|0x0000000089a00000, 0x0000000089a00000, 0x0000000089b00000|  0%| F|  |TAMS 0x0000000089a00000, 0x0000000089a00000| Untracked 
|  91|0x0000000089b00000, 0x0000000089b00000, 0x0000000089c00000|  0%| F|  |TAMS 0x0000000089b00000, 0x0000000089b00000| Untracked 
|  92|0x0000000089c00000, 0x0000000089c00000, 0x0000000089d00000|  0%| F|  |TAMS 0x0000000089c00000, 0x0000000089c00000| Untracked 
|  93|0x0000000089d00000, 0x0000000089d00000, 0x0000000089e00000|  0%| F|  |TAMS 0x0000000089d00000, 0x0000000089d00000| Untracked 
|  94|0x0000000089e00000, 0x0000000089e00000, 0x0000000089f00000|  0%| F|  |TAMS 0x0000000089e00000, 0x0000000089e00000| Untracked 
|  95|0x0000000089f00000, 0x0000000089f00000, 0x000000008a000000|  0%| F|  |TAMS 0x0000000089f00000, 0x0000000089f00000| Untracked 
|  96|0x000000008a000000, 0x000000008a000000, 0x000000008a100000|  0%| F|  |TAMS 0x000000008a000000, 0x000000008a000000| Untracked 
|  97|0x000000008a100000, 0x000000008a100000, 0x000000008a200000|  0%| F|  |TAMS 0x000000008a100000, 0x000000008a100000| Untracked 
|  98|0x000000008a200000, 0x000000008a300000, 0x000000008a300000|100%| S|CS|TAMS 0x000000008a200000, 0x000000008a200000| Complete 
|  99|0x000000008a300000, 0x000000008a400000, 0x000000008a400000|100%| S|CS|TAMS 0x000000008a300000, 0x000000008a300000| Complete 
| 100|0x000000008a400000, 0x000000008a500000, 0x000000008a500000|100%| S|CS|TAMS 0x000000008a400000, 0x000000008a400000| Complete 
| 101|0x000000008a500000, 0x000000008a500000, 0x000000008a600000|  0%| F|  |TAMS 0x000000008a500000, 0x000000008a500000| Untracked 
| 102|0x000000008a600000, 0x000000008a600000, 0x000000008a700000|  0%| F|  |TAMS 0x000000008a600000, 0x000000008a600000| Untracked 
| 103|0x000000008a700000, 0x000000008a700000, 0x000000008a800000|  0%| F|  |TAMS 0x000000008a700000, 0x000000008a700000| Untracked 
| 104|0x000000008a800000, 0x000000008a800000, 0x000000008a900000|  0%| F|  |TAMS 0x000000008a800000, 0x000000008a800000| Untracked 
| 105|0x000000008a900000, 0x000000008a900000, 0x000000008aa00000|  0%| F|  |TAMS 0x000000008a900000, 0x000000008a900000| Untracked 
| 106|0x000000008aa00000, 0x000000008aa00000, 0x000000008ab00000|  0%| F|  |TAMS 0x000000008aa00000, 0x000000008aa00000| Untracked 
| 107|0x000000008ab00000, 0x000000008ab00000, 0x000000008ac00000|  0%| F|  |TAMS 0x000000008ab00000, 0x000000008ab00000| Untracked 
| 108|0x000000008ac00000, 0x000000008ac00000, 0x000000008ad00000|  0%| F|  |TAMS 0x000000008ac00000, 0x000000008ac00000| Untracked 
| 109|0x000000008ad00000, 0x000000008ad00000, 0x000000008ae00000|  0%| F|  |TAMS 0x000000008ad00000, 0x000000008ad00000| Untracked 
| 110|0x000000008ae00000, 0x000000008ae00000, 0x000000008af00000|  0%| F|  |TAMS 0x000000008ae00000, 0x000000008ae00000| Untracked 
| 111|0x000000008af00000, 0x000000008af00000, 0x000000008b000000|  0%| F|  |TAMS 0x000000008af00000, 0x000000008af00000| Untracked 
| 112|0x000000008b000000, 0x000000008b000000, 0x000000008b100000|  0%| F|  |TAMS 0x000000008b000000, 0x000000008b000000| Untracked 
| 113|0x000000008b100000, 0x000000008b100000, 0x000000008b200000|  0%| F|  |TAMS 0x000000008b100000, 0x000000008b100000| Untracked 
| 114|0x000000008b200000, 0x000000008b200000, 0x000000008b300000|  0%| F|  |TAMS 0x000000008b200000, 0x000000008b200000| Untracked 
| 115|0x000000008b300000, 0x000000008b300000, 0x000000008b400000|  0%| F|  |TAMS 0x000000008b300000, 0x000000008b300000| Untracked 
| 116|0x000000008b400000, 0x000000008b400000, 0x000000008b500000|  0%| F|  |TAMS 0x000000008b400000, 0x000000008b400000| Untracked 
| 117|0x000000008b500000, 0x000000008b500000, 0x000000008b600000|  0%| F|  |TAMS 0x000000008b500000, 0x000000008b500000| Untracked 
| 118|0x000000008b600000, 0x000000008b600000, 0x000000008b700000|  0%| F|  |TAMS 0x000000008b600000, 0x000000008b600000| Untracked 
| 119|0x000000008b700000, 0x000000008b700000, 0x000000008b800000|  0%| F|  |TAMS 0x000000008b700000, 0x000000008b700000| Untracked 
| 120|0x000000008b800000, 0x000000008b800000, 0x000000008b900000|  0%| F|  |TAMS 0x000000008b800000, 0x000000008b800000| Untracked 
| 121|0x000000008b900000, 0x000000008b900000, 0x000000008ba00000|  0%| F|  |TAMS 0x000000008b900000, 0x000000008b900000| Untracked 
| 122|0x000000008ba00000, 0x000000008bb00000, 0x000000008bb00000|100%| E|  |TAMS 0x000000008ba00000, 0x000000008ba00000| Complete 
| 123|0x000000008bb00000, 0x000000008bc00000, 0x000000008bc00000|100%| E|CS|TAMS 0x000000008bb00000, 0x000000008bb00000| Complete 

Card table byte_map: [0x000001f3f0370000,0x000001f3f0750000] _byte_map_base: 0x000001f3eff50000

Marking Bits (Prev, Next): (CMBitMap*) 0x000001f3d948d9c0, (CMBitMap*) 0x000001f3d948da00
 Prev Bits: [0x000001f3f0b30000, 0x000001f3f2a30000)
 Next Bits: [0x000001f3f2a30000, 0x000001f3f4930000)

Polling page: 0x000001f3d7320000

Metaspace:

Usage:
  Non-class:      6.18 MB used.
      Class:    754.00 KB used.
       Both:      6.92 MB used.

Virtual space:
  Non-class space:        8.00 MB reserved,       6.25 MB ( 78%) committed,  1 nodes.
      Class space:        1.00 GB reserved,     896.00 KB ( <1%) committed,  1 nodes.
             Both:        1.01 GB reserved,       7.12 MB ( <1%) committed. 

Chunk freelists:
   Non-Class:  1.00 MB
       Class:  3.12 MB
        Both:  4.12 MB

MaxMetaspaceSize: unlimited
CompressedClassSpaceSize: 1.00 GB
Initial GC threshold: 21.00 MB
Current GC threshold: 21.00 MB
CDS: on
MetaspaceReclaimPolicy: balanced
 - commit_granule_bytes: 65536.
 - commit_granule_words: 8192.
 - virtual_space_node_default_size: 1048576.
 - enlarge_chunks_in_place: 1.
 - new_chunks_are_fully_committed: 0.
 - uncommit_free_chunks: 1.
 - use_allocation_guard: 0.
 - handle_deallocations: 1.


Internal statistics:

num_allocs_failed_limit: 0.
num_arena_births: 118.
num_arena_deaths: 0.
num_vsnodes_births: 2.
num_vsnodes_deaths: 0.
num_space_committed: 114.
num_space_uncommitted: 0.
num_chunks_returned_to_freelist: 0.
num_chunks_taken_from_freelist: 170.
num_chunk_merges: 0.
num_chunk_splits: 90.
num_chunks_enlarged: 21.
num_purges: 0.
num_inconsistent_stats: 0.

CodeHeap 'non-profiled nmethods': size=120000Kb used=297Kb max_used=297Kb free=119702Kb
 bounds [0x000001f3e8730000, 0x000001f3e89a0000, 0x000001f3efc60000]
CodeHeap 'profiled nmethods': size=120000Kb used=1905Kb max_used=1905Kb free=118094Kb
 bounds [0x000001f3e1200000, 0x000001f3e1470000, 0x000001f3e8730000]
CodeHeap 'non-nmethods': size=5760Kb used=1268Kb max_used=1282Kb free=4491Kb
 bounds [0x000001f3e0c60000, 0x000001f3e0ed0000, 0x000001f3e1200000]
 total_blobs=1703 nmethods=1123 adapters=493
 compilation: enabled
              stopped_count=0, restarted_count=0
 full_count=0

Compilation events (20 events):
Event: 1.025 Thread 0x000001f3f7322040 nmethod 1100 0x000001f3e13cdf10 code [0x000001f3e13ce0c0, 0x000001f3e13ce2b8]
Event: 1.025 Thread 0x000001f3f7322040 1101       3       java.util.HashMap::prepareArray (38 bytes)
Event: 1.025 Thread 0x000001f3f7322040 nmethod 1101 0x000001f3e13ce390 code [0x000001f3e13ce580, 0x000001f3e13ceb98]
Event: 1.028 Thread 0x000001f3f7322040 1104       3       sun.nio.ch.FileChannelImpl::<init> (144 bytes)
Event: 1.029 Thread 0x000001f3f7322040 nmethod 1104 0x000001f3e13ced90 code [0x000001f3e13cf000, 0x000001f3e13cfda8]
Event: 1.033 Thread 0x000001f3f7322040 1106       3       sun.nio.ch.FileDispatcherImpl::size (5 bytes)
Event: 1.033 Thread 0x000001f3f7322040 nmethod 1106 0x000001f3e13d0210 code [0x000001f3e13d03a0, 0x000001f3e13d04e8]
Event: 1.034 Thread 0x000001f3f7322040 1108   !   3       sun.font.TrueTypeFont::getAllFullNames (30 bytes)
Event: 1.035 Thread 0x000001f3f7322040 nmethod 1108 0x000001f3e13d0590 code [0x000001f3e13d07a0, 0x000001f3e13d1008]
Event: 1.035 Thread 0x000001f3f7322040 1110  s    3       sun.font.FontFamily::addLocaleNames (45 bytes)
Event: 1.035 Thread 0x000001f3f7322040 nmethod 1110 0x000001f3e13d1310 code [0x000001f3e13d1540, 0x000001f3e13d1dc8]
Event: 1.035 Thread 0x000001f3f7322040 1109   !   3       sun.font.TrueTypeFont::getAllFamilyNames (30 bytes)
Event: 1.036 Thread 0x000001f3f7322040 nmethod 1109 0x000001f3e13d2090 code [0x000001f3e13d22a0, 0x000001f3e13d2b08]
Event: 1.049 Thread 0x000001f3f7322040 1112       3       java.lang.ref.Reference::enqueueFromPending (19 bytes)
Event: 1.049 Thread 0x000001f3f7322040 nmethod 1112 0x000001f3e13d2e10 code [0x000001f3e13d2fc0, 0x000001f3e13d31e8]
Event: 1.050 Thread 0x000001f3f7322040 1113   !   3       java.lang.ref.ReferenceQueue::enqueue (119 bytes)
Event: 1.050 Thread 0x000001f3f7322040 nmethod 1113 0x000001f3e13d3290 code [0x000001f3e13d3480, 0x000001f3e13d3b48]
Event: 1.051 Thread 0x000001f3f8c969a0 1105   !   4       sun.nio.cs.UnicodeDecoder::decodeLoop (304 bytes)
Event: 1.055 Thread 0x000001f3f7322040 1116       3       java.lang.Character::toLowerCase (9 bytes)
Event: 1.055 Thread 0x000001f3f7322040 nmethod 1116 0x000001f3e13d3d10 code [0x000001f3e13d3ec0, 0x000001f3e13d40b8]

GC Heap History (2 events):
Event: 1.040 GC heap before
{Heap before GC invocations=0 (full 0):
 garbage-first heap   total 126976K, used 38912K [0x0000000084000000, 0x0000000100000000)
  region size 1024K, 23 young (23552K), 0 survivors (0K)
 Metaspace       used 6861K, committed 7040K, reserved 1056768K
  class space    used 726K, committed 832K, reserved 1048576K
}
Event: 1.049 GC heap after
{Heap after GC invocations=1 (full 0):
 garbage-first heap   total 126976K, used 19364K [0x0000000084000000, 0x0000000100000000)
  region size 1024K, 3 young (3072K), 3 survivors (3072K)
 Metaspace       used 6861K, committed 7040K, reserved 1056768K
  class space    used 726K, committed 832K, reserved 1048576K
}

Deoptimization events (20 events):
Event: 0.576 Thread 0x000001f3d944cbf0 Uncommon trap: trap_request=0xffffff45 fr.pc=0x000001f3e8752fc0 relative=0x0000000000000340
Event: 0.576 Thread 0x000001f3d944cbf0 Uncommon trap: reason=unstable_if action=reinterpret pc=0x000001f3e8752fc0 method=java.lang.StringUTF16.compress([CI[BII)I @ 20 c2
Event: 0.576 Thread 0x000001f3d944cbf0 DEOPT PACKING pc=0x000001f3e8752fc0 sp=0x000000793e4fcdc0
Event: 0.576 Thread 0x000001f3d944cbf0 DEOPT UNPACKING pc=0x000001f3e0cb5c23 sp=0x000000793e4fcd40 mode 2
Event: 0.683 Thread 0x000001f3f809e000 Uncommon trap: trap_request=0xffffff45 fr.pc=0x000001f3e8761110 relative=0x0000000000000830
Event: 0.683 Thread 0x000001f3f809e000 Uncommon trap: reason=unstable_if action=reinterpret pc=0x000001f3e8761110 method=java.util.HashMap.putVal(ILjava/lang/Object;Ljava/lang/Object;ZZ)Ljava/lang/Object; @ 181 c2
Event: 0.683 Thread 0x000001f3f809e000 DEOPT PACKING pc=0x000001f3e8761110 sp=0x000000793fbfd1b0
Event: 0.683 Thread 0x000001f3f809e000 DEOPT UNPACKING pc=0x000001f3e0cb5c23 sp=0x000000793fbfd0e8 mode 2
Event: 0.983 Thread 0x000001f3f809e000 Uncommon trap: trap_request=0xffffff45 fr.pc=0x000001f3e875f224 relative=0x00000000000007c4
Event: 0.983 Thread 0x000001f3f809e000 Uncommon trap: reason=unstable_if action=reinterpret pc=0x000001f3e875f224 method=java.util.HashMap.putVal(ILjava/lang/Object;Ljava/lang/Object;ZZ)Ljava/lang/Object; @ 181 c2
Event: 0.983 Thread 0x000001f3f809e000 DEOPT PACKING pc=0x000001f3e875f224 sp=0x000000793fbfd090
Event: 0.983 Thread 0x000001f3f809e000 DEOPT UNPACKING pc=0x000001f3e0cb5c23 sp=0x000000793fbfd030 mode 2
Event: 0.984 Thread 0x000001f3f809e000 Uncommon trap: trap_request=0xffffff45 fr.pc=0x000001f3e873f324 relative=0x0000000000000224
Event: 0.984 Thread 0x000001f3f809e000 Uncommon trap: reason=unstable_if action=reinterpret pc=0x000001f3e873f324 method=java.lang.String.hashCode()I @ 20 c2
Event: 0.984 Thread 0x000001f3f809e000 DEOPT PACKING pc=0x000001f3e873f324 sp=0x000000793fbfd100
Event: 0.984 Thread 0x000001f3f809e000 DEOPT UNPACKING pc=0x000001f3e0cb5c23 sp=0x000000793fbfd090 mode 2
Event: 1.015 Thread 0x000001f3f809e000 Uncommon trap: trap_request=0xffffff45 fr.pc=0x000001f3e8776730 relative=0x00000000000003f0
Event: 1.015 Thread 0x000001f3f809e000 Uncommon trap: reason=unstable_if action=reinterpret pc=0x000001f3e8776730 method=java.lang.Character.isSurrogate(C)Z @ 3 c2
Event: 1.015 Thread 0x000001f3f809e000 DEOPT PACKING pc=0x000001f3e8776730 sp=0x000000793fbfcdf0
Event: 1.015 Thread 0x000001f3f809e000 DEOPT UNPACKING pc=0x000001f3e0cb5c23 sp=0x000000793fbfcd08 mode 2

Classes unloaded (0 events):
No events

Classes redefined (0 events):
No events

Internal exceptions (13 events):
Event: 0.145 Thread 0x000001f3d944cbf0 Exception <a 'java/lang/ClassNotFoundException'{0x000000008ba77170}: sun/awt/resources/spi/awtProvider> (0x000000008ba77170) 
thrown [t:\workspace\open\src\hotspot\share\classfile\systemDictionary.cpp, line 256]
Event: 0.184 Thread 0x000001f3d944cbf0 Exception <a 'java/io/FileNotFoundException'{0x000000008bacfbf8}> (0x000000008bacfbf8) 
thrown [t:\workspace\open\src\hotspot\share\prims\jni.cpp, line 516]
Event: 0.194 Thread 0x000001f3d944cbf0 Exception <a 'java/io/FileNotFoundException'{0x000000008bafcd98}> (0x000000008bafcd98) 
thrown [t:\workspace\open\src\hotspot\share\prims\jni.cpp, line 516]
Event: 0.239 Thread 0x000001f3d944cbf0 Exception <a 'java/lang/NoSuchMethodError'{0x000000008b946f18}: 'java.lang.Object java.lang.invoke.DirectMethodHandle$Holder.invokeStaticInit(java.lang.Object)'> (0x000000008b946f18) 
thrown [t:\workspace\open\src\hotspot\share\interpreter\linkResolver.cpp, line 766]
Event: 0.275 Thread 0x000001f3d944cbf0 Exception <a 'java/lang/NoSuchMethodError'{0x000000008b807250}: 'void java.lang.invoke.DirectMethodHandle$Holder.invokeSpecial(java.lang.Object, java.lang.Object, java.lang.Object)'> (0x000000008b807250) 
thrown [t:\workspace\open\src\hotspot\share\interpreter\linkResolver.cpp, line 766]
Event: 0.283 Thread 0x000001f3d944cbf0 Exception <a 'java/lang/NoSuchMethodError'{0x000000008b831428}: 'java.lang.Object java.lang.invoke.DirectMethodHandle$Holder.newInvokeSpecial(java.lang.Object, java.lang.Object, java.lang.Object, java.lang.Object, java.lang.Object)'> (0x000000008b831428) 
thrown [t:\workspace\open\src\hotspot\share\interpreter\linkResolver.cpp, line 766]
Event: 0.286 Thread 0x000001f3d944cbf0 Exception <a 'java/lang/NoSuchMethodError'{0x000000008b83cdf0}: 'java.lang.Object java.lang.invoke.DirectMethodHandle$Holder.invokeStatic(java.lang.Object, int, java.lang.Object, java.lang.Object, java.lang.Object, java.lang.Object)'> (0x000000008b83cdf0) 
thrown [t:\workspace\open\src\hotspot\share\interpreter\linkResolver.cpp, line 766]
Event: 0.290 Thread 0x000001f3d944cbf0 Exception <a 'java/lang/NoSuchMethodError'{0x000000008b8625b0}: 'java.lang.Object java.lang.invoke.DirectMethodHandle$Holder.invokeStatic(java.lang.Object, int, java.lang.Object)'> (0x000000008b8625b0) 
thrown [t:\workspace\open\src\hotspot\share\interpreter\linkResolver.cpp, line 766]
Event: 0.323 Thread 0x000001f3d944cbf0 Exception <a 'java/lang/ClassNotFoundException'{0x000000008b71b500}: com/sun/swing/internal/plaf/metal/resources/spi/metalProvider> (0x000000008b71b500) 
thrown [t:\workspace\open\src\hotspot\share\classfile\systemDictionary.cpp, line 256]
Event: 0.324 Thread 0x000001f3d944cbf0 Exception <a 'java/lang/ClassNotFoundException'{0x000000008b71f3d8}: com/sun/swing/internal/plaf/basic/resources/spi/basicProvider> (0x000000008b71f3d8) 
thrown [t:\workspace\open\src\hotspot\share\classfile\systemDictionary.cpp, line 256]
Event: 0.403 Thread 0x000001f3f8081ef0 Exception <a 'java/lang/NoSuchMethodError'{0x000000008b6f15e8}: 'java.lang.Object java.lang.invoke.DirectMethodHandle$Holder.newInvokeSpecial(java.lang.Object, java.lang.Object, java.lang.Object, int, int, int, int, int)'> (0x000000008b6f15e8) 
thrown [t:\workspace\open\src\hotspot\share\interpreter\linkResolver.cpp, line 766]
Event: 0.524 Thread 0x000001f3f7ffa3c0 Exception <a 'java/lang/NoSuchMethodError'{0x000000008b9859f0}: 'void java.lang.invoke.DirectMethodHandle$Holder.invokeVirtual(java.lang.Object, java.lang.Object)'> (0x000000008b9859f0) 
thrown [t:\workspace\open\src\hotspot\share\interpreter\linkResolver.cpp, line 766]
Event: 0.554 Thread 0x000001f3d944cbf0 Exception <a 'java/lang/NoSuchMethodError'{0x000000008b766660}: 'void java.lang.invoke.DirectMethodHandle$Holder.invokeStaticInit(java.lang.Object)'> (0x000000008b766660) 
thrown [t:\workspace\open\src\hotspot\share\interpreter\linkResolver.cpp, line 766]

VM Operations (12 events):
Event: 0.323 Executing VM operation: HandshakeAllThreads
Event: 0.323 Executing VM operation: HandshakeAllThreads done
Event: 0.450 Executing VM operation: HandshakeAllThreads
Event: 0.450 Executing VM operation: HandshakeAllThreads done
Event: 0.506 Executing VM operation: HandshakeAllThreads
Event: 0.506 Executing VM operation: HandshakeAllThreads done
Event: 0.586 Executing VM operation: HandshakeAllThreads
Event: 0.587 Executing VM operation: HandshakeAllThreads done
Event: 0.646 Executing VM operation: HandshakeAllThreads
Event: 0.646 Executing VM operation: HandshakeAllThreads done
Event: 1.039 Executing VM operation: G1CollectForAllocation
Event: 1.049 Executing VM operation: G1CollectForAllocation done

Events (20 events):
Event: 0.703 loading class sun/java2d/pipe/AlphaPaintPipe$TileContext done
Event: 0.706 loading class sun/font/CompositeGlyphMapper
Event: 0.706 loading class sun/font/CompositeGlyphMapper done
Event: 0.711 loading class java/awt/print/PrinterGraphics
Event: 0.711 loading class java/awt/print/PrinterGraphics done
Event: 0.711 loading class java/awt/PrintGraphics
Event: 0.711 loading class java/awt/PrintGraphics done
Event: 0.711 loading class sun/java2d/loops/FontInfo
Event: 0.711 loading class sun/java2d/loops/FontInfo done
Event: 0.754 loading class sun/font/SunFontManager$FamilyDescription
Event: 0.754 loading class sun/font/SunFontManager$FamilyDescription done
Event: 0.781 loading class sun/font/SunFontManager$4
Event: 0.781 loading class sun/font/SunFontManager$4 done
Event: 0.811 loading class sun/font/SunFontManager$9
Event: 0.811 loading class sun/font/SunFontManager$9 done
Event: 0.812 loading class sun/font/SunFontManager$10
Event: 0.812 loading class sun/font/SunFontManager$10 done
Event: 0.994 loading class jdk/internal/access/foreign/MemorySegmentProxy
Event: 0.994 loading class jdk/internal/access/foreign/MemorySegmentProxy done
Event: 1.051 Thread 0x000001f3f8c969a0 Thread added: 0x000001f3f8c969a0


Dynamic libraries:
0x00007ff7237e0000 - 0x00007ff7237f0000 	C:\Program Files\Java\jdk-17.0.1\bin\java.exe
0x00007ffca87b0000 - 0x00007ffca89a8000 	C:\Windows\SYSTEM32\ntdll.dll
0x00007ffca7af0000 - 0x00007ffca7baf000 	C:\Windows\System32\KERNEL32.DLL
0x00007ffca6100000 - 0x00007ffca63f6000 	C:\Windows\System32\KERNELBASE.dll
0x00007ffca6670000 - 0x00007ffca6770000 	C:\Windows\System32\ucrtbase.dll
0x00007ffca13a0000 - 0x00007ffca13b8000 	C:\Program Files\Java\jdk-17.0.1\bin\jli.dll
0x00007ffc5af50000 - 0x00007ffc5af6a000 	C:\Program Files\Java\jdk-17.0.1\bin\VCRUNTIME140.dll
0x00007ffca78c0000 - 0x00007ffca796f000 	C:\Windows\System32\ADVAPI32.dll
0x00007ffca79e0000 - 0x00007ffca7a7e000 	C:\Windows\System32\msvcrt.dll
0x00007ffca7790000 - 0x00007ffca782c000 	C:\Windows\System32\sechost.dll
0x00007ffca8640000 - 0x00007ffca8766000 	C:\Windows\System32\RPCRT4.dll
0x00007ffca7bb0000 - 0x00007ffca7d4d000 	C:\Windows\System32\USER32.dll
0x00007ffca67e0000 - 0x00007ffca6802000 	C:\Windows\System32\win32u.dll
0x00007ffc913a0000 - 0x00007ffc9163a000 	C:\Windows\WinSxS\amd64_microsoft.windows.common-controls_6595b64144ccf1df_6.0.19041.1110_none_60b5254171f9507e\COMCTL32.dll
0x00007ffca7e20000 - 0x00007ffca7e4c000 	C:\Windows\System32\GDI32.dll
0x00007ffca64b0000 - 0x00007ffca65c5000 	C:\Windows\System32\gdi32full.dll
0x00007ffca65d0000 - 0x00007ffca666d000 	C:\Windows\System32\msvcp_win.dll
0x00007ffc9cb00000 - 0x00007ffc9cb0a000 	C:\Windows\SYSTEM32\VERSION.dll
0x00007ffca7760000 - 0x00007ffca7790000 	C:\Windows\System32\IMM32.DLL
0x00007ffc824c0000 - 0x00007ffc824cc000 	C:\Program Files\Java\jdk-17.0.1\bin\vcruntime140_1.dll
0x00007ffc52fa0000 - 0x00007ffc5302d000 	C:\Program Files\Java\jdk-17.0.1\bin\msvcp140.dll
0x00007ffc50ad0000 - 0x00007ffc5168e000 	C:\Program Files\Java\jdk-17.0.1\bin\server\jvm.dll
0x00007ffca78b0000 - 0x00007ffca78b8000 	C:\Windows\System32\PSAPI.DLL
0x00007ffca1550000 - 0x00007ffca1559000 	C:\Windows\SYSTEM32\WSOCK32.dll
0x00007ffca7970000 - 0x00007ffca79db000 	C:\Windows\System32\WS2_32.dll
0x00007ffc87650000 - 0x00007ffc87677000 	C:\Windows\SYSTEM32\WINMM.dll
0x00007ffca46d0000 - 0x00007ffca46e2000 	C:\Windows\SYSTEM32\kernel.appcore.dll
0x00007ffc82080000 - 0x00007ffc8208a000 	C:\Program Files\Java\jdk-17.0.1\bin\jimage.dll
0x00007ffca3c20000 - 0x00007ffca3e04000 	C:\Windows\SYSTEM32\DBGHELP.DLL
0x00007ffc90ea0000 - 0x00007ffc90ed4000 	C:\Windows\SYSTEM32\dbgcore.DLL
0x00007ffca5f10000 - 0x00007ffca5f92000 	C:\Windows\System32\bcryptPrimitives.dll
0x00007ffc541d0000 - 0x00007ffc541f5000 	C:\Program Files\Java\jdk-17.0.1\bin\java.dll
0x00007ffc53030000 - 0x00007ffc53106000 	C:\Program Files\Java\jdk-17.0.1\bin\svml.dll
0x00007ffca6d60000 - 0x00007ffca74a4000 	C:\Windows\System32\SHELL32.dll
0x00007ffca3f20000 - 0x00007ffca46b3000 	C:\Windows\SYSTEM32\windows.storage.dll
0x00007ffca69a0000 - 0x00007ffca6cf4000 	C:\Windows\System32\combase.dll
0x00007ffca5870000 - 0x00007ffca589e000 	C:\Windows\SYSTEM32\Wldp.dll
0x00007ffca74b0000 - 0x00007ffca755d000 	C:\Windows\System32\SHCORE.dll
0x00007ffca7830000 - 0x00007ffca7885000 	C:\Windows\System32\shlwapi.dll
0x00007ffca5dd0000 - 0x00007ffca5def000 	C:\Windows\SYSTEM32\profapi.dll
0x00007ffc541b0000 - 0x00007ffc541c9000 	C:\Program Files\Java\jdk-17.0.1\bin\net.dll
0x00007ffc9cd70000 - 0x00007ffc9ce7a000 	C:\Windows\SYSTEM32\WINHTTP.dll
0x00007ffca5560000 - 0x00007ffca55ca000 	C:\Windows\system32\mswsock.dll
0x00007ffc54190000 - 0x00007ffc541a5000 	C:\Program Files\Java\jdk-17.0.1\bin\nio.dll
0x00007ffc54170000 - 0x00007ffc54188000 	C:\Program Files\Java\jdk-17.0.1\bin\zip.dll
0x00007ffc52d00000 - 0x00007ffc52e8f000 	C:\Program Files\Java\jdk-17.0.1\bin\awt.dll
0x00007ffca7d50000 - 0x00007ffca7e1d000 	C:\Windows\System32\OLEAUT32.dll
0x00007ffca30a0000 - 0x00007ffca3131000 	C:\Windows\SYSTEM32\apphelp.dll
0x00007ffca3690000 - 0x00007ffca36bf000 	C:\Windows\system32\DWMAPI.DLL
0x00007ffca3490000 - 0x00007ffca352e000 	C:\Windows\system32\uxtheme.dll
0x00007ffc8d3b0000 - 0x00007ffc8d4d5000 	C:\Windows\system32\opengl32.dll
0x00007ffc9cfa0000 - 0x00007ffc9cfcc000 	C:\Windows\SYSTEM32\GLU32.dll
0x00007ffca7560000 - 0x00007ffca7674000 	C:\Windows\System32\MSCTF.dll
0x00007ffca8360000 - 0x00007ffca848a000 	C:\Windows\System32\ole32.dll
0x00007ffca1370000 - 0x00007ffca139d000 	C:\Program Files\Java\jdk-17.0.1\bin\javajpeg.dll
0x00007ffc52f10000 - 0x00007ffc52f99000 	C:\Program Files\Java\jdk-17.0.1\bin\freetype.dll
0x00007ffc52c50000 - 0x00007ffc52cf8000 	C:\Program Files\Java\jdk-17.0.1\bin\fontmanager.dll
0x00007ffc9a3a0000 - 0x00007ffc9a499000 	C:\Windows\SYSTEM32\textinputframework.dll
0x00007ffca2a30000 - 0x00007ffca2d8e000 	C:\Windows\System32\CoreUIComponents.dll
0x00007ffca2e70000 - 0x00007ffca2f62000 	C:\Windows\System32\CoreMessaging.dll
0x00007ffca2360000 - 0x00007ffca24b4000 	C:\Windows\SYSTEM32\wintypes.dll
0x00007ffca4fa0000 - 0x00007ffca4fd3000 	C:\Windows\SYSTEM32\ntmarta.dll

dbghelp: loaded successfully - version: 4.0.5 - missing functions: none
symbol engine: initialized successfully - sym options: 0x614 - pdb path: .;C:\Program Files\Java\jdk-17.0.1\bin;C:\Windows\SYSTEM32;C:\Windows\WinSxS\amd64_microsoft.windows.common-controls_6595b64144ccf1df_6.0.19041.1110_none_60b5254171f9507e;C:\Program Files\Java\jdk-17.0.1\bin\server

VM Arguments:
jvm_args: -Dfile.encoding=UTF-8 
java_command: ASimulatorSystem.Transactions
java_class_path (initial): C:\Users\Admin\Desktop\ATM-Simulator-System-master\jcalendar-tz-1.3.3-4 (2).jar;C:\Users\Admin\Desktop\ATM-Simulator-System-master\mysql-connector-java-8.0.28 (2).jar;C:\Users\Admin\Desktop\ATM-Simulator-System-master\ATM-Simulator-System\build\classes
Launcher Type: SUN_STANDARD

[Global flags]
     intx CICompilerCount                          = 4                                         {product} {ergonomic}
     uint ConcGCThreads                            = 2                                         {product} {ergonomic}
     uint G1ConcRefinementThreads                  = 8                                         {product} {ergonomic}
   size_t G1HeapRegionSize                         = 1048576                                   {product} {ergonomic}
    uintx GCDrainStackTargetSize                   = 64                                        {product} {ergonomic}
   size_t InitialHeapSize                          = 130023424                                 {product} {ergonomic}
   size_t MarkStackSize                            = 4194304                                   {product} {ergonomic}
   size_t MaxHeapSize                              = 2080374784                                {product} {ergonomic}
   size_t MaxNewSize                               = 1247805440                                {product} {ergonomic}
   size_t MinHeapDeltaBytes                        = 1048576                                   {product} {ergonomic}
   size_t MinHeapSize                              = 8388608                                   {product} {ergonomic}
    uintx NonNMethodCodeHeapSize                   = 5839372                                {pd product} {ergonomic}
    uintx NonProfiledCodeHeapSize                  = 122909434                              {pd product} {ergonomic}
    uintx ProfiledCodeHeapSize                     = 122909434                              {pd product} {ergonomic}
    uintx ReservedCodeCacheSize                    = 251658240                              {pd product} {ergonomic}
     bool SegmentedCodeCache                       = true                                      {product} {ergonomic}
   size_t SoftMaxHeapSize                          = 2080374784                             {manageable} {ergonomic}
     bool UseCompressedClassPointers               = true                           {product lp64_product} {ergonomic}
     bool UseCompressedOops                        = true                           {product lp64_product} {ergonomic}
     bool UseG1GC                                  = true                                      {product} {ergonomic}
     bool UseLargePagesIndividualAllocation        = false                                  {pd product} {ergonomic}

Logging:
Log output configuration:
 #0: stdout all=warning uptime,level,tags
 #1: stderr all=off uptime,level,tags

Environment Variables:
PATH=C:\Program Files\Common Files\Oracle\Java\javapath;C:\Users\Admin\AppData\Local\Programs\Python\Python310\python.exe;C:\Program Files\Cloudflare\Cloudflare WARP\;C:\Program Files\PuTTY\;C:\Program Files\MySQL\MySQL Shell 8.0\bin\;C:\Users\Admin\AppData\Local\Programs\Python\Python311\Scripts\;C:\Users\Admin\AppData\Local\Programs\Python\Python311\;C:\Users\Admin\AppData\Local\Programs\Python\Python310\python.exe;C:\Users\Admin\AppData\Local\Programs\Microsoft VS Code\bin;C:\Users\Admin\AppData\Local\GitHubDesktop\bin
USERNAME=Admin
OS=Windows_NT
PROCESSOR_IDENTIFIER=Intel64 Family 6 Model 126 Stepping 5, GenuineIntel



---------------  S Y S T E M  ---------------

OS:
 Windows 10 , 64 bit Build 19041 (10.0.19041.3031)
OS uptime: 2 days 5:00 hours

CPU: total 8 (initial active 8) (4 cores per cpu, 2 threads per core) family 6 model 126 stepping 5 microcode 0xa6, cx8, cmov, fxsr, ht, mmx, 3dnowpref, sse, sse2, sse3, ssse3, sse4.1, sse4.2, popcnt, lzcnt, tsc, tscinvbit, avx, avx2, aes, erms, clmul, bmi1, bmi2, adx, avx512f, avx512dq, avx512cd, avx512bw, avx512vl, sha, fma, vzeroupper, avx512_vpopcntdq, avx512_vpclmulqdq, avx512_vaes, avx512_vnni, clflush, clflushopt, avx512_vbmi2, avx512_vbmi

Memory: 4k page, system-wide physical 7932M (548M free)
TotalPageFile size 25296M (AvailPageFile size 0M)
current process WorkingSet (physical memory assigned to process): 94M, peak: 94M
current process commit charge ("private bytes"): 221M, peak: 227M

vm_info: Java HotSpot(TM) 64-Bit Server VM (17.0.1+12-LTS-39) for windows-amd64 JRE (17.0.1+12-LTS-39), built on Sep 27 2021 18:41:35 by "mach5one" with MS VC++ 16.8 (VS2019)

END.
