#
# There is insufficient memory for the Java Runtime Environment to continue.
# Native memory allocation (mmap) failed to map 2031616 bytes for G1 virtual space
# Possible reasons:
#   The system is out of physical RAM or swap space
#   The process is running with CompressedOops enabled, and the Java Heap may be blocking the growth of the native heap
# Possible solutions:
#   Reduce memory load on the system
#   Increase physical memory or swap space
#   Check if swap backing store is full
#   Decrease Java heap size (-Xmx/-Xms)
#   Decrease number of Java threads
#   Decrease Java thread stack sizes (-Xss)
#   Set larger code cache with -XX:ReservedCodeCacheSize=
#   JVM is running with Unscaled Compressed Oops mode in which the Java heap is
#     placed in the first 4GB address space. The Java Heap base address is the
#     maximum limit for the native heap growth. Please use -XX:HeapBaseMinAddress
#     to set the Java Heap base and to place the Java Heap above 4GB virtual address.
# This output file may be truncated or incomplete.
#
#  Out of Memory Error (os_windows.cpp:3469), pid=23384, tid=19520
#
# JRE version:  (17.0.1+12) (build )
# Java VM: Java HotSpot(TM) 64-Bit Server VM (17.0.1+12-LTS-39, mixed mode, sharing, tiered, compressed oops, compressed class ptrs, g1 gc, windows-amd64)
# No core dump will be written. Minidumps are not enabled by default on client versions of Windows
#

---------------  S U M M A R Y ------------

Command Line: -Dfile.encoding=UTF-8 --module-path=C:\Users\Admin\Documents\NetBeansProjects\bank management sytem\build\classes bank.management.sytem.Login

Host: Intel(R) Core(TM) i5-1035G1 CPU @ 1.00GHz, 8 cores, 7G,  Windows 10 , 64 bit Build 19041 (10.0.19041.2788)
Time: Fri Jun 30 11:56:06 2023 India Standard Time elapsed time: 0.010101 seconds (0d 0h 0m 0s)

---------------  T H R E A D  ---------------

Current thread (0x000001d11a58a2e0):  JavaThread "Unknown thread" [_thread_in_vm, id=19520, stack(0x0000000fba200000,0x0000000fba300000)]

Stack: [0x0000000fba200000,0x0000000fba300000]
Native frames: (J=compiled Java code, j=interpreted, Vv=VM code, C=native code)
V  [jvm.dll+0x66fa1a]
V  [jvm.dll+0x7ce5a4]
V  [jvm.dll+0x7cfd4e]
V  [jvm.dll+0x7d03b3]
V  [jvm.dll+0x242b05]
V  [jvm.dll+0x66ca39]
V  [jvm.dll+0x661502]
V  [jvm.dll+0x30081b]
V  [jvm.dll+0x307da6]
V  [jvm.dll+0x357a33]
V  [jvm.dll+0x357c4f]
V  [jvm.dll+0x2d7ad8]
V  [jvm.dll+0x2d8a44]
V  [jvm.dll+0x7a01e1]
V  [jvm.dll+0x365791]
V  [jvm.dll+0x77f6cc]
V  [jvm.dll+0x3e812f]
V  [jvm.dll+0x3e9bd1]
C  [jli.dll+0x527b]
C  [ucrtbase.dll+0x21bb2]
C  [KERNEL32.DLL+0x17604]
C  [ntdll.dll+0x526a1]


---------------  P R O C E S S  ---------------

Threads class SMR info:
_java_thread_list=0x00007ffed4bc7818, length=0, elements={
}

Java Threads: ( => current thread )

Other Threads:
  0x000001d11a5c8620 GCTaskThread "GC Thread#0" [stack: 0x0000000fba300000,0x0000000fba400000] [id=23596]
  0x000001d11a5dac90 ConcurrentGCThread "G1 Main Marker" [stack: 0x0000000fba400000,0x0000000fba500000] [id=3408]
  0x000001d11a5db5b0 ConcurrentGCThread "G1 Conc#0" [stack: 0x0000000fba500000,0x0000000fba600000] [id=20908]

[error occurred during error reporting (printing all threads), id 0xc0000005, EXCEPTION_ACCESS_VIOLATION (0xc0000005) at pc=0x00007ffed44184b7]

VM state: not at safepoint (not fully initialized)

VM Mutex/Monitor currently owned by a thread:  ([mutex/lock_event])
[0x000001d11a586040] Heap_lock - owner thread: 0x000001d11a58a2e0

Heap address: 0x0000000084000000, size: 1984 MB, Compressed Oops mode: 32-bit

CDS archive(s) mapped at: [0x0000000000000000-0x0000000000000000-0x0000000000000000), size 0, SharedBaseAddress: 0x0000000800000000, ArchiveRelocationMode: 0.
Narrow klass base: 0x0000000000000000, Narrow klass shift: 0, Narrow klass range: 0x0

GC Precious Log:
<Empty>

Heap:
 garbage-first heap   total 0K, used 0K [0x0000000084000000, 0x0000000100000000)
  region size 1024K, 0 young (0K), 0 survivors (0K)

[error occurred during error reporting (printing heap information), id 0xc0000005, EXCEPTION_ACCESS_VIOLATION (0xc0000005) at pc=0x00007ffed47f8d89]

GC Heap History (0 events):
No events

Deoptimization events (0 events):
No events

Classes unloaded (0 events):
No events

Classes redefined (0 events):
No events

Internal exceptions (0 events):
No events

VM Operations (0 events):
No events

Events (1 events):
Event: 0.006 Loaded shared library C:\Program Files\Java\jdk-17.0.1\bin\java.dll


Dynamic libraries:
0x00007ff6b0a70000 - 0x00007ff6b0a80000 	C:\Program Files\Java\jdk-17.0.1\bin\java.exe
0x00007fff18b90000 - 0x00007fff18d88000 	C:\Windows\SYSTEM32\ntdll.dll
0x00007fff18060000 - 0x00007fff1811f000 	C:\Windows\System32\KERNEL32.DLL
0x00007fff162f0000 - 0x00007fff165ca000 	C:\Windows\System32\KERNELBASE.dll
0x00007fff16880000 - 0x00007fff16980000 	C:\Windows\System32\ucrtbase.dll
0x00007fff0eec0000 - 0x00007fff0eed8000 	C:\Program Files\Java\jdk-17.0.1\bin\jli.dll
0x00007ffed4110000 - 0x00007ffed412a000 	C:\Program Files\Java\jdk-17.0.1\bin\VCRUNTIME140.dll
0x00007fff17830000 - 0x00007fff178de000 	C:\Windows\System32\ADVAPI32.dll
0x00007fff16d00000 - 0x00007fff16d9e000 	C:\Windows\System32\msvcrt.dll
0x00007fff178e0000 - 0x00007fff1797c000 	C:\Windows\System32\sechost.dll
0x00007fff17b40000 - 0x00007fff17c66000 	C:\Windows\System32\RPCRT4.dll
0x00007fff179a0000 - 0x00007fff17b3d000 	C:\Windows\System32\USER32.dll
0x00007fff16b90000 - 0x00007fff16bb2000 	C:\Windows\System32\win32u.dll
0x00007fff04e60000 - 0x00007fff050fa000 	C:\Windows\WinSxS\amd64_microsoft.windows.common-controls_6595b64144ccf1df_6.0.19041.1110_none_60b5254171f9507e\COMCTL32.dll
0x00007fff16c70000 - 0x00007fff16c9b000 	C:\Windows\System32\GDI32.dll
0x00007fff16a10000 - 0x00007fff16b20000 	C:\Windows\System32\gdi32full.dll
0x00007fff165d0000 - 0x00007fff1666d000 	C:\Windows\System32\msvcp_win.dll
0x00007fff0c080000 - 0x00007fff0c08a000 	C:\Windows\SYSTEM32\VERSION.dll
0x00007fff17d20000 - 0x00007fff17d50000 	C:\Windows\System32\IMM32.DLL
0x00007ffef5170000 - 0x00007ffef517c000 	C:\Program Files\Java\jdk-17.0.1\bin\vcruntime140_1.dll
0x00007ffed3d40000 - 0x00007ffed3dcd000 	C:\Program Files\Java\jdk-17.0.1\bin\msvcp140.dll
0x00007ffed4130000 - 0x00007ffed4cee000 	C:\Program Files\Java\jdk-17.0.1\bin\server\jvm.dll
0x00007fff18a70000 - 0x00007fff18a78000 	C:\Windows\System32\PSAPI.DLL
0x00007ffefbb70000 - 0x00007ffefbb97000 	C:\Windows\SYSTEM32\WINMM.dll
0x00007ffef58b0000 - 0x00007ffef58b9000 	C:\Windows\SYSTEM32\WSOCK32.dll
0x00007fff17e80000 - 0x00007fff17eeb000 	C:\Windows\System32\WS2_32.dll
0x00007fff14af0000 - 0x00007fff14b02000 	C:\Windows\SYSTEM32\kernel.appcore.dll
0x00007ffef4ec0000 - 0x00007ffef4eca000 	C:\Program Files\Java\jdk-17.0.1\bin\jimage.dll
0x00007fff14050000 - 0x00007fff14234000 	C:\Windows\SYSTEM32\DBGHELP.DLL
0x00007fff03960000 - 0x00007fff03994000 	C:\Windows\SYSTEM32\dbgcore.DLL
0x00007fff16980000 - 0x00007fff16a02000 	C:\Windows\System32\bcryptPrimitives.dll
0x00007ffed40a0000 - 0x00007ffed40c5000 	C:\Program Files\Java\jdk-17.0.1\bin\java.dll

dbghelp: loaded successfully - version: 4.0.5 - missing functions: none
symbol engine: initialized successfully - sym options: 0x614 - pdb path: .;C:\Program Files\Java\jdk-17.0.1\bin;C:\Windows\SYSTEM32;C:\Windows\WinSxS\amd64_microsoft.windows.common-controls_6595b64144ccf1df_6.0.19041.1110_none_60b5254171f9507e;C:\Program Files\Java\jdk-17.0.1\bin\server

VM Arguments:
jvm_args: -Dfile.encoding=UTF-8 --module-path=C:\Users\Admin\Documents\NetBeansProjects\bank management sytem\build\classes 
java_command: bank.management.sytem.Login
java_class_path (initial): C:\Users\Admin\Documents\NetBeansProjects\bank management sytem\build\classes
Launcher Type: SUN_STANDARD

[Global flags]
     intx CICompilerCount                          = 4                                         {product} {ergonomic}
     uint ConcGCThreads                            = 2                                         {product} {ergonomic}
     uint G1ConcRefinementThreads                  = 8                                         {product} {ergonomic}
   size_t G1HeapRegionSize                         = 1048576                                   {product} {ergonomic}
    uintx GCDrainStackTargetSize                   = 64                                        {product} {ergonomic}
   size_t InitialHeapSize                          = 130023424                                 {product} {ergonomic}
   size_t MarkStackSize                            = 4194304                                   {product} {ergonomic}
   size_t MaxHeapSize                              = 2080374784                                {product} {ergonomic}
   size_t MinHeapDeltaBytes                        = 1048576                                   {product} {ergonomic}
   size_t MinHeapSize                              = 8388608                                   {product} {ergonomic}
    uintx NonNMethodCodeHeapSize                   = 5839372                                {pd product} {ergonomic}
    uintx NonProfiledCodeHeapSize                  = 122909434                              {pd product} {ergonomic}
    uintx ProfiledCodeHeapSize                     = 122909434                              {pd product} {ergonomic}
    uintx ReservedCodeCacheSize                    = 251658240                              {pd product} {ergonomic}
     bool SegmentedCodeCache                       = true                                      {product} {ergonomic}
   size_t SoftMaxHeapSize                          = 2080374784                             {manageable} {ergonomic}
     bool UseCompressedClassPointers               = true                           {product lp64_product} {ergonomic}
     bool UseCompressedOops                        = true                           {product lp64_product} {ergonomic}
     bool UseG1GC                                  = true                                      {product} {ergonomic}
     bool UseLargePagesIndividualAllocation        = false                                  {pd product} {ergonomic}

Logging:
Log output configuration:
 #0: stdout all=warning uptime,level,tags
 #1: stderr all=off uptime,level,tags

Environment Variables:
PATH=C:\Program Files\Common Files\Oracle\Java\javapath;C:\Users\Admin\AppData\Local\Programs\Python\Python310\python.exe;C:\Program Files\Cloudflare\Cloudflare WARP\;C:\Program Files\PuTTY\;C:\Program Files\MySQL\MySQL Shell 8.0\bin\;C:\Users\Admin\AppData\Local\Programs\Python\Python311\Scripts\;C:\Users\Admin\AppData\Local\Programs\Python\Python311\;C:\Users\Admin\AppData\Local\Programs\Python\Python310\python.exe;C:\Users\Admin\AppData\Local\Programs\Microsoft VS Code\bin
USERNAME=Admin
OS=Windows_NT
PROCESSOR_IDENTIFIER=Intel64 Family 6 Model 126 Stepping 5, GenuineIntel



---------------  S Y S T E M  ---------------

OS:
 Windows 10 , 64 bit Build 19041 (10.0.19041.2788)
OS uptime: 1 days 10:43 hours

CPU: total 8 (initial active 8) (4 cores per cpu, 2 threads per core) family 6 model 126 stepping 5 microcode 0xa6, cx8, cmov, fxsr, ht, mmx, 3dnowpref, sse, sse2, sse3, ssse3, sse4.1, sse4.2, popcnt, lzcnt, tsc, tscinvbit, avx, avx2, aes, erms, clmul, bmi1, bmi2, adx, avx512f, avx512dq, avx512cd, avx512bw, avx512vl, sha, fma, vzeroupper, avx512_vpopcntdq, avx512_vpclmulqdq, avx512_vaes, avx512_vnni, clflush, clflushopt, avx512_vbmi2, avx512_vbmi

Memory: 4k page, system-wide physical 7932M (842M free)
TotalPageFile size 25296M (AvailPageFile size 6M)
current process WorkingSet (physical memory assigned to process): 10M, peak: 10M
current process commit charge ("private bytes"): 184M, peak: 186M

vm_info: Java HotSpot(TM) 64-Bit Server VM (17.0.1+12-LTS-39) for windows-amd64 JRE (17.0.1+12-LTS-39), built on Sep 27 2021 18:41:35 by "mach5one" with MS VC++ 16.8 (VS2019)

END.
